make[1]: Entering directory `/home/cui/mit6828/lab'
make[1]: Leaving directory `/home/cui/mit6828/lab'
qemu-system-i386 -drive file=obj/kern/kernel.img,index=0,media=disk,format=raw -serial mon:stdio -gdb tcp::26000 -D qemu.log -smp 1 
6828 decimal is 15254 octal!
Physical memory: 131072K available, base = 640K, extended = 130432K
check_page_free_list() succeeded!
check_page_alloc() succeeded!
check_page() succeeded!
check_kern_pgdir() succeeded!
check_page_free_list() succeeded!
check_page_installed_pgdir() succeeded!
SMP: CPU 0 found 1 CPU(s)
enabled interrupts: 1 2
[00000000] new env 00001000
[00001000] new env 00001001
CPU 0: 2 [00001001] new env 00001002
CPU 0: 3 [00001002] new env 00001003
CPU 0: 5 [00001003] new env 00001004
CPU 0: 7 [00001004] new env 00001005
CPU 0: 11 [00001005] new env 00001006
CPU 0: 13 [00001006] new env 00001007
CPU 0: 17 [00001007] new env 00001008
CPU 0: 19 [00001008] new env 00001009
CPU 0: 23 [00001009] new env 0000100a
CPU 0: 29 [0000100a] new env 0000100b
CPU 0: 31 [0000100b] new env 0000100c
CPU 0: 37 [0000100c] new env 0000100d
CPU 0: 41 [0000100d] new env 0000100e
CPU 0: 43 [0000100e] new env 0000100f
CPU 0: 47 [0000100f] new env 00001010
CPU 0: 53 [00001010] new env 00001011
CPU 0: 59 [00001011] new env 00001012
CPU 0: 61 [00001012] new env 00001013
CPU 0: 67 [00001013] new env 00001014
CPU 0: 71 [00001014] new env 00001015
CPU 0: 73 [00001015] new env 00001016
CPU 0: 79 [00001016] new env 00001017
CPU 0: 83 [00001017] new env 00001018
CPU 0: 89 [00001018] new env 00001019
CPU 0: 97 [00001019] new env 0000101a
CPU 0: 101 [0000101a] new env 0000101b
CPU 0: 103 [0000101b] new env 0000101c
CPU 0: 107 [0000101c] new env 0000101d
CPU 0: 109 [0000101d] new env 0000101e
CPU 0: 113 [0000101e] new env 0000101f
CPU 0: 127 [0000101f] new env 00001020
CPU 0: 131 [00001020] new env 00001021
CPU 0: 137 [00001021] new env 00001022
CPU 0: 139 [00001022] new env 00001023
CPU 0: 149 [00001023] new env 00001024
CPU 0: 151 [00001024] new env 00001025
CPU 0: 157 [00001025] new env 00001026
CPU 0: 163 [00001026] new env 00001027
CPU 0: 167 [00001027] new env 00001028
CPU 0: 173 [00001028] new env 00001029
CPU 0: 179 [00001029] new env 0000102a
CPU 0: 181 [0000102a] new env 0000102b
CPU 0: 191 [0000102b] new env 0000102c
CPU 0: 193 [0000102c] new env 0000102d
CPU 0: 197 [0000102d] new env 0000102e
CPU 0: 199 [0000102e] new env 0000102f
CPU 0: 211 [0000102f] new env 00001030
CPU 0: 223 [00001030] new env 00001031
CPU 0: 227 [00001031] new env 00001032
CPU 0: 229 [00001032] new env 00001033
CPU 0: 233 [00001033] new env 00001034
CPU 0: 239 [00001034] new env 00001035
CPU 0: 241 [00001035] new env 00001036
CPU 0: 251 [00001036] new env 00001037
CPU 0: 257 [00001037] new env 00001038
CPU 0: 263 [00001038] new env 00001039
CPU 0: 269 [00001039] new env 0000103a
CPU 0: 271 [0000103a] new env 0000103b
CPU 0: 277 [0000103b] new env 0000103c
CPU 0: 281 [0000103c] new env 0000103d
CPU 0: 283 [0000103d] new env 0000103e
CPU 0: 293 [0000103e] new env 0000103f
CPU 0: 307 [0000103f] new env 00001040
CPU 0: 311 [00001040] new env 00001041
CPU 0: 313 [00001041] new env 00001042
CPU 0: 317 [00001042] new env 00001043
CPU 0: 331 [00001043] new env 00001044
CPU 0: 337 [00001044] new env 00001045
CPU 0: 347 [00001045] new env 00001046
CPU 0: 349 [00001046] new env 00001047
CPU 0: 353 [00001047] new env 00001048
CPU 0: 359 [00001048] new env 00001049
CPU 0: 367 [00001049] new env 0000104a
CPU 0: 373 [0000104a] new env 0000104b
CPU 0: 379 [0000104b] new env 0000104c
CPU 0: 383 [0000104c] new env 0000104d
CPU 0: 389 [0000104d] new env 0000104e
CPU 0: 397 [0000104e] new env 0000104f
CPU 0: 401 [0000104f] new env 00001050
CPU 0: 409 [00001050] new env 00001051
CPU 0: 419 [00001051] new env 00001052
CPU 0: 421 [00001052] new env 00001053
CPU 0: 431 [00001053] new env 00001054
CPU 0: 433 [00001054] new env 00001055
CPU 0: 439 [00001055] new env 00001056
CPU 0: 443 [00001056] new env 00001057
CPU 0: 449 [00001057] new env 00001058
CPU 0: 457 [00001058] new env 00001059
CPU 0: 461 [00001059] new env 0000105a
CPU 0: 463 [0000105a] new env 0000105b
CPU 0: 467 [0000105b] new env 0000105c
CPU 0: 479 [0000105c] new env 0000105d
CPU 0: 487 [0000105d] new env 0000105e
CPU 0: 491 [0000105e] new env 0000105f
CPU 0: 499 [0000105f] new env 00001060
CPU 0: 503 [00001060] new env 00001061
CPU 0: 509 [00001061] new env 00001062
CPU 0: 521 [00001062] new env 00001063
CPU 0: 523 [00001063] new env 00001064
CPU 0: 541 [00001064] new env 00001065
CPU 0: 547 [00001065] new env 00001066
CPU 0: 557 [00001066] new env 00001067
CPU 0: 563 [00001067] new env 00001068
CPU 0: 569 [00001068] new env 00001069
CPU 0: 571 [00001069] new env 0000106a
CPU 0: 577 [0000106a] new env 0000106b
CPU 0: 587 [0000106b] new env 0000106c
CPU 0: 593 [0000106c] new env 0000106d
CPU 0: 599 [0000106d] new env 0000106e
CPU 0: 601 [0000106e] new env 0000106f
CPU 0: 607 [0000106f] new env 00001070
CPU 0: 613 [00001070] new env 00001071
CPU 0: 617 [00001071] new env 00001072
CPU 0: 619 [00001072] new env 00001073
CPU 0: 631 [00001073] new env 00001074
CPU 0: 641 [00001074] new env 00001075
CPU 0: 643 [00001075] new env 00001076
CPU 0: 647 [00001076] new env 00001077
CPU 0: 653 [00001077] new env 00001078
CPU 0: 659 [00001078] new env 00001079
CPU 0: 661 [00001079] new env 0000107a
CPU 0: 673 [0000107a] new env 0000107b
CPU 0: 677 [0000107b] new env 0000107c
CPU 0: 683 [0000107c] new env 0000107d
CPU 0: 691 [0000107d] new env 0000107e
CPU 0: 701 [0000107e] new env 0000107f
CPU 0: 709 [0000107f] new env 00001080
CPU 0: 719 [00001080] new env 00001081
CPU 0: 727 [00001081] new env 00001082
CPU 0: 733 [00001082] new env 00001083
CPU 0: 739 [00001083] new env 00001084
CPU 0: 743 [00001084] new env 00001085
CPU 0: 751 [00001085] new env 00001086
CPU 0: 757 [00001086] new env 00001087
CPU 0: 761 [00001087] new env 00001088
CPU 0: 769 [00001088] new env 00001089
CPU 0: 773 [00001089] new env 0000108a
CPU 0: 787 [0000108a] new env 0000108b
CPU 0: 797 [0000108b] new env 0000108c
CPU 0: 809 [0000108c] new env 0000108d
CPU 0: 811 [0000108d] new env 0000108e
CPU 0: 821 [0000108e] new env 0000108f
CPU 0: 823 [0000108f] new env 00001090
CPU 0: 827 [00001090] new env 00001091
CPU 0: 829 [00001091] new env 00001092
CPU 0: 839 [00001092] new env 00001093
CPU 0: 853 [00001093] new env 00001094
CPU 0: 857 [00001094] new env 00001095
CPU 0: 859 [00001095] new env 00001096
CPU 0: 863 [00001096] new env 00001097
CPU 0: 877 [00001097] new env 00001098
CPU 0: 881 [00001098] new env 00001099
CPU 0: 883 [00001099] new env 0000109a
CPU 0: 887 [0000109a] new env 0000109b
CPU 0: 907 [0000109b] new env 0000109c
CPU 0: 911 [0000109c] new env 0000109d
CPU 0: 919 [0000109d] new env 0000109e
CPU 0: 929 [0000109e] new env 0000109f
CPU 0: 937 [0000109f] new env 000010a0
CPU 0: 941 [000010a0] new env 000010a1
CPU 0: 947 [000010a1] new env 000010a2
CPU 0: 953 [000010a2] new env 000010a3
CPU 0: 967 [000010a3] new env 000010a4
CPU 0: 971 [000010a4] new env 000010a5
CPU 0: 977 [000010a5] new env 000010a6
CPU 0: 983 [000010a6] new env 000010a7
CPU 0: 991 [000010a7] new env 000010a8
CPU 0: 997 [000010a8] new env 000010a9
CPU 0: 1009 [000010a9] new env 000010aa
CPU 0: 1013 [000010aa] new env 000010ab
CPU 0: 1019 [000010ab] new env 000010ac
CPU 0: 1021 [000010ac] new env 000010ad
CPU 0: 1031 [000010ad] new env 000010ae
CPU 0: 1033 [000010ae] new env 000010af
CPU 0: 1039 [000010af] new env 000010b0
CPU 0: 1049 [000010b0] new env 000010b1
CPU 0: 1051 [000010b1] new env 000010b2
CPU 0: 1061 [000010b2] new env 000010b3
CPU 0: 1063 [000010b3] new env 000010b4
CPU 0: 1069 [000010b4] new env 000010b5
CPU 0: 1087 [000010b5] new env 000010b6
CPU 0: 1091 [000010b6] new env 000010b7
CPU 0: 1093 [000010b7] new env 000010b8
CPU 0: 1097 [000010b8] new env 000010b9
CPU 0: 1103 [000010b9] new env 000010ba
CPU 0: 1109 [000010ba] new env 000010bb
CPU 0: 1117 [000010bb] new env 000010bc
CPU 0: 1123 [000010bc] new env 000010bd
CPU 0: 1129 [000010bd] new env 000010be
CPU 0: 1151 [000010be] new env 000010bf
CPU 0: 1153 [000010bf] new env 000010c0
CPU 0: 1163 [000010c0] new env 000010c1
CPU 0: 1171 [000010c1] new env 000010c2
CPU 0: 1181 [000010c2] new env 000010c3
CPU 0: 1187 [000010c3] new env 000010c4
CPU 0: 1193 [000010c4] new env 000010c5
CPU 0: 1201 [000010c5] new env 000010c6
CPU 0: 1213 [000010c6] new env 000010c7
CPU 0: 1217 [000010c7] new env 000010c8
CPU 0: 1223 [000010c8] new env 000010c9
CPU 0: 1229 [000010c9] new env 000010ca
CPU 0: 1231 [000010ca] new env 000010cb
CPU 0: 1237 [000010cb] new env 000010cc
CPU 0: 1249 [000010cc] new env 000010cd
CPU 0: 1259 [000010cd] new env 000010ce
CPU 0: 1277 [000010ce] new env 000010cf
CPU 0: 1279 [000010cf] new env 000010d0
CPU 0: 1283 [000010d0] new env 000010d1
CPU 0: 1289 [000010d1] new env 000010d2
CPU 0: 1291 [000010d2] new env 000010d3
CPU 0: 1297 [000010d3] new env 000010d4
CPU 0: 1301 [000010d4] new env 000010d5
CPU 0: 1303 [000010d5] new env 000010d6
CPU 0: 1307 [000010d6] new env 000010d7
CPU 0: 1319 [000010d7] new env 000010d8
CPU 0: 1321 [000010d8] new env 000010d9
CPU 0: 1327 [000010d9] new env 000010da
CPU 0: 1361 [000010da] new env 000010db
CPU 0: 1367 [000010db] new env 000010dc
CPU 0: 1373 [000010dc] new env 000010dd
CPU 0: 1381 [000010dd] new env 000010de
CPU 0: 1399 [000010de] new env 000010df
CPU 0: 1409 [000010df] new env 000010e0
CPU 0: 1423 [000010e0] new env 000010e1
CPU 0: 1427 [000010e1] new env 000010e2
CPU 0: 1429 [000010e2] new env 000010e3
CPU 0: 1433 [000010e3] new env 000010e4
CPU 0: 1439 [000010e4] new env 000010e5
CPU 0: 1447 [000010e5] new env 000010e6
CPU 0: 1451 [000010e6] new env 000010e7
CPU 0: 1453 [000010e7] new env 000010e8
CPU 0: 1459 [000010e8] new env 000010e9
CPU 0: 1471 [000010e9] new env 000010ea
CPU 0: 1481 [000010ea] new env 000010eb
CPU 0: 1483 [000010eb] new env 000010ec
CPU 0: 1487 [000010ec] new env 000010ed
CPU 0: 1489 [000010ed] new env 000010ee
CPU 0: 1493 [000010ee] new env 000010ef
CPU 0: 1499 [000010ef] new env 000010f0
CPU 0: 1511 [000010f0] new env 000010f1
CPU 0: 1523 [000010f1] new env 000010f2
CPU 0: 1531 [000010f2] new env 000010f3
CPU 0: 1543 [000010f3] new env 000010f4
CPU 0: 1549 [000010f4] new env 000010f5
CPU 0: 1553 [000010f5] new env 000010f6
CPU 0: 1559 [000010f6] new env 000010f7
CPU 0: 1567 [000010f7] new env 000010f8
CPU 0: 1571 [000010f8] new env 000010f9
CPU 0: 1579 [000010f9] new env 000010fa
CPU 0: 1583 [000010fa] new env 000010fb
CPU 0: 1597 [000010fb] new env 000010fc
CPU 0: 1601 [000010fc] new env 000010fd
CPU 0: 1607 [000010fd] new env 000010fe
CPU 0: 1609 [000010fe] new env 000010ff
CPU 0: 1613 [000010ff] new env 00001100
CPU 0: 1619 [00001100] new env 00001101
CPU 0: 1621 [00001101] new env 00001102
CPU 0: 1627 [00001102] new env 00001103
CPU 0: 1637 [00001103] new env 00001104
CPU 0: 1657 [00001104] new env 00001105
CPU 0: 1663 [00001105] new env 00001106
CPU 0: 1667 [00001106] new env 00001107
CPU 0: 1669 [00001107] new env 00001108
CPU 0: 1693 [00001108] new env 00001109
CPU 0: 1697 [00001109] new env 0000110a
CPU 0: 1699 [0000110a] new env 0000110b
CPU 0: 1709 [0000110b] new env 0000110c
CPU 0: 1721 [0000110c] new env 0000110d
CPU 0: 1723 [0000110d] new env 0000110e
CPU 0: 1733 [0000110e] new env 0000110f
CPU 0: 1741 [0000110f] new env 00001110
CPU 0: 1747 [00001110] new env 00001111
CPU 0: 1753 [00001111] new env 00001112
CPU 0: 1759 [00001112] new env 00001113
CPU 0: 1777 [00001113] new env 00001114
CPU 0: 1783 [00001114] new env 00001115
CPU 0: 1787 [00001115] new env 00001116
CPU 0: 1789 [00001116] new env 00001117
CPU 0: 1801 [00001117] new env 00001118
CPU 0: 1811 [00001118] new env 00001119
CPU 0: 1823 [00001119] new env 0000111a
CPU 0: 1831 [0000111a] new env 0000111b
CPU 0: 1847 [0000111b] new env 0000111c
CPU 0: 1861 [0000111c] new env 0000111d
CPU 0: 1867 [0000111d] new env 0000111e
CPU 0: 1871 [0000111e] new env 0000111f
CPU 0: 1873 [0000111f] new env 00001120
CPU 0: 1877 [00001120] new env 00001121
CPU 0: 1879 [00001121] new env 00001122
CPU 0: 1889 [00001122] new env 00001123
CPU 0: 1901 [00001123] new env 00001124
CPU 0: 1907 [00001124] new env 00001125
CPU 0: 1913 [00001125] new env 00001126
CPU 0: 1931 [00001126] new env 00001127
CPU 0: 1933 [00001127] new env 00001128
CPU 0: 1949 [00001128] new env 00001129
CPU 0: 1951 [00001129] new env 0000112a
CPU 0: 1973 [0000112a] new env 0000112b
CPU 0: 1979 [0000112b] new env 0000112c
CPU 0: 1987 [0000112c] new env 0000112d
CPU 0: 1993 [0000112d] new env 0000112e
CPU 0: 1997 [0000112e] new env 0000112f
CPU 0: 1999 [0000112f] new env 00001130
CPU 0: 2003 [00001130] new env 00001131
CPU 0: 2011 [00001131] new env 00001132
CPU 0: 2017 [00001132] new env 00001133
CPU 0: 2027 [00001133] new env 00001134
CPU 0: 2029 [00001134] new env 00001135
CPU 0: 2039 [00001135] new env 00001136
CPU 0: 2053 [00001136] new env 00001137
CPU 0: 2063 [00001137] new env 00001138
CPU 0: 2069 [00001138] new env 00001139
CPU 0: 2081 [00001139] new env 0000113a
CPU 0: 2083 [0000113a] new env 0000113b
CPU 0: 2087 [0000113b] new env 0000113c
CPU 0: 2089 [0000113c] new env 0000113d
CPU 0: 2099 [0000113d] new env 0000113e
CPU 0: 2111 [0000113e] new env 0000113f
CPU 0: 2113 [0000113f] new env 00001140
CPU 0: 2129 [00001140] new env 00001141
CPU 0: 2131 [00001141] new env 00001142
CPU 0: 2137 [00001142] new env 00001143
CPU 0: 2141 [00001143] new env 00001144
CPU 0: 2143 [00001144] new env 00001145
CPU 0: 2153 [00001145] new env 00001146
CPU 0: 2161 [00001146] new env 00001147
CPU 0: 2179 [00001147] new env 00001148
CPU 0: 2203 [00001148] new env 00001149
CPU 0: 2207 [00001149] new env 0000114a
CPU 0: 2213 [0000114a] new env 0000114b
CPU 0: 2221 [0000114b] new env 0000114c
CPU 0: 2237 [0000114c] new env 0000114d
CPU 0: 2239 [0000114d] new env 0000114e
CPU 0: 2243 [0000114e] new env 0000114f
CPU 0: 2251 [0000114f] new env 00001150
CPU 0: 2267 [00001150] new env 00001151
CPU 0: 2269 [00001151] new env 00001152
CPU 0: 2273 [00001152] new env 00001153
CPU 0: 2281 [00001153] new env 00001154
CPU 0: 2287 [00001154] new env 00001155
CPU 0: 2293 [00001155] new env 00001156
CPU 0: 2297 [00001156] new env 00001157
CPU 0: 2309 [00001157] new env 00001158
CPU 0: 2311 [00001158] new env 00001159
CPU 0: 2333 [00001159] new env 0000115a
CPU 0: 2339 [0000115a] new env 0000115b
CPU 0: 2341 [0000115b] new env 0000115c
CPU 0: 2347 [0000115c] new env 0000115d
CPU 0: 2351 [0000115d] new env 0000115e
CPU 0: 2357 [0000115e] new env 0000115f
CPU 0: 2371 [0000115f] new env 00001160
CPU 0: 2377 [00001160] new env 00001161
CPU 0: 2381 [00001161] new env 00001162
CPU 0: 2383 [00001162] new env 00001163
CPU 0: 2389 [00001163] new env 00001164
CPU 0: 2393 [00001164] new env 00001165
CPU 0: 2399 [00001165] new env 00001166
CPU 0: 2411 [00001166] new env 00001167
CPU 0: 2417 [00001167] new env 00001168
CPU 0: 2423 [00001168] new env 00001169
CPU 0: 2437 [00001169] new env 0000116a
CPU 0: 2441 [0000116a] new env 0000116b
CPU 0: 2447 [0000116b] new env 0000116c
CPU 0: 2459 [0000116c] new env 0000116d
CPU 0: 2467 [0000116d] new env 0000116e
CPU 0: 2473 [0000116e] new env 0000116f
CPU 0: 2477 [0000116f] new env 00001170
CPU 0: 2503 [00001170] new env 00001171
CPU 0: 2521 [00001171] new env 00001172
CPU 0: 2531 [00001172] new env 00001173
CPU 0: 2539 [00001173] new env 00001174
CPU 0: 2543 [00001174] new env 00001175
CPU 0: 2549 [00001175] new env 00001176
CPU 0: 2551 [00001176] new env 00001177
CPU 0: 2557 [00001177] new env 00001178
CPU 0: 2579 [00001178] new env 00001179
CPU 0: 2591 [00001179] new env 0000117a
CPU 0: 2593 [0000117a] new env 0000117b
CPU 0: 2609 [0000117b] new env 0000117c
CPU 0: 2617 [0000117c] new env 0000117d
CPU 0: 2621 [0000117d] new env 0000117e
CPU 0: 2633 [0000117e] new env 0000117f
CPU 0: 2647 [0000117f] new env 00001180
CPU 0: 2657 [00001180] new env 00001181
CPU 0: 2659 [00001181] new env 00001182
CPU 0: 2663 [00001182] new env 00001183
CPU 0: 2671 [00001183] new env 00001184
CPU 0: 2677 [00001184] new env 00001185
CPU 0: 2683 [00001185] new env 00001186
CPU 0: 2687 [00001186] new env 00001187
CPU 0: 2689 [00001187] new env 00001188
CPU 0: 2693 [00001188] new env 00001189
CPU 0: 2699 [00001189] new env 0000118a
CPU 0: 2707 [0000118a] new env 0000118b
CPU 0: 2711 [0000118b] new env 0000118c
CPU 0: 2713 [0000118c] new env 0000118d
CPU 0: 2719 [0000118d] new env 0000118e
CPU 0: 2729 [0000118e] new env 0000118f
CPU 0: 2731 [0000118f] new env 00001190
CPU 0: 2741 [00001190] new env 00001191
CPU 0: 2749 [00001191] new env 00001192
CPU 0: 2753 [00001192] new env 00001193
CPU 0: 2767 [00001193] new env 00001194
CPU 0: 2777 [00001194] new env 00001195
CPU 0: 2789 [00001195] new env 00001196
CPU 0: 2791 [00001196] new env 00001197
CPU 0: 2797 [00001197] new env 00001198
CPU 0: 2801 [00001198] new env 00001199
CPU 0: 2803 [00001199] new env 0000119a
CPU 0: 2819 [0000119a] new env 0000119b
CPU 0: 2833 [0000119b] new env 0000119c
CPU 0: 2837 [0000119c] new env 0000119d
CPU 0: 2843 [0000119d] new env 0000119e
CPU 0: 2851 [0000119e] new env 0000119f
CPU 0: 2857 [0000119f] new env 000011a0
CPU 0: 2861 [000011a0] new env 000011a1
CPU 0: 2879 [000011a1] new env 000011a2
CPU 0: 2887 [000011a2] new env 000011a3
CPU 0: 2897 [000011a3] new env 000011a4
CPU 0: 2903 [000011a4] new env 000011a5
CPU 0: 2909 [000011a5] new env 000011a6
CPU 0: 2917 [000011a6] new env 000011a7
CPU 0: 2927 [000011a7] new env 000011a8
CPU 0: 2939 [000011a8] new env 000011a9
CPU 0: 2953 [000011a9] new env 000011aa
CPU 0: 2957 [000011aa] new env 000011ab
CPU 0: 2963 [000011ab] new env 000011ac
CPU 0: 2969 [000011ac] new env 000011ad
CPU 0: 2971 [000011ad] new env 000011ae
CPU 0: 2999 [000011ae] new env 000011af
CPU 0: 3001 [000011af] new env 000011b0
CPU 0: 3011 [000011b0] new env 000011b1
CPU 0: 3019 [000011b1] new env 000011b2
CPU 0: 3023 [000011b2] new env 000011b3
CPU 0: 3037 [000011b3] new env 000011b4
CPU 0: 3041 [000011b4] new env 000011b5
CPU 0: 3049 [000011b5] new env 000011b6
CPU 0: 3061 [000011b6] new env 000011b7
CPU 0: 3067 [000011b7] new env 000011b8
CPU 0: 3079 [000011b8] new env 000011b9
CPU 0: 3083 [000011b9] new env 000011ba
CPU 0: 3089 [000011ba] new env 000011bb
CPU 0: 3109 [000011bb] new env 000011bc
CPU 0: 3119 [000011bc] new env 000011bd
CPU 0: 3121 [000011bd] new env 000011be
CPU 0: 3137 [000011be] new env 000011bf
CPU 0: 3163 [000011bf] new env 000011c0
CPU 0: 3167 [000011c0] new env 000011c1
CPU 0: 3169 [000011c1] new env 000011c2
CPU 0: 3181 [000011c2] new env 000011c3
CPU 0: 3187 [000011c3] new env 000011c4
CPU 0: 3191 [000011c4] new env 000011c5
CPU 0: 3203 [000011c5] new env 000011c6
CPU 0: 3209 [000011c6] new env 000011c7
CPU 0: 3217 [000011c7] new env 000011c8
CPU 0: 3221 [000011c8] new env 000011c9
CPU 0: 3229 [000011c9] new env 000011ca
CPU 0: 3251 [000011ca] new env 000011cb
CPU 0: 3253 [000011cb] new env 000011cc
CPU 0: 3257 [000011cc] new env 000011cd
CPU 0: 3259 [000011cd] new env 000011ce
CPU 0: 3271 [000011ce] new env 000011cf
CPU 0: 3299 [000011cf] new env 000011d0
CPU 0: 3301 [000011d0] new env 000011d1
CPU 0: 3307 [000011d1] new env 000011d2
CPU 0: 3313 [000011d2] new env 000011d3
CPU 0: 3319 [000011d3] new env 000011d4
CPU 0: 3323 [000011d4] new env 000011d5
CPU 0: 3329 [000011d5] new env 000011d6
CPU 0: 3331 [000011d6] new env 000011d7
CPU 0: 3343 [000011d7] new env 000011d8
CPU 0: 3347 [000011d8] new env 000011d9
CPU 0: 3359 [000011d9] new env 000011da
CPU 0: 3361 [000011da] new env 000011db
CPU 0: 3371 [000011db] new env 000011dc
CPU 0: 3373 [000011dc] new env 000011dd
CPU 0: 3389 [000011dd] new env 000011de
CPU 0: 3391 [000011de] new env 000011df
CPU 0: 3407 [000011df] new env 000011e0
CPU 0: 3413 [000011e0] new env 000011e1
CPU 0: 3433 [000011e1] new env 000011e2
CPU 0: 3449 [000011e2] new env 000011e3
CPU 0: 3457 [000011e3] new env 000011e4
CPU 0: 3461 [000011e4] new env 000011e5
CPU 0: 3463 [000011e5] new env 000011e6
CPU 0: 3467 [000011e6] new env 000011e7
CPU 0: 3469 [000011e7] new env 000011e8
CPU 0: 3491 [000011e8] new env 000011e9
CPU 0: 3499 [000011e9] new env 000011ea
CPU 0: 3511 [000011ea] new env 000011eb
CPU 0: 3517 [000011eb] new env 000011ec
CPU 0: 3527 [000011ec] new env 000011ed
CPU 0: 3529 [000011ed] new env 000011ee
CPU 0: 3533 [000011ee] new env 000011ef
CPU 0: 3539 [000011ef] new env 000011f0
CPU 0: 3541 [000011f0] new env 000011f1
CPU 0: 3547 [000011f1] new env 000011f2
CPU 0: 3557 [000011f2] new env 000011f3
CPU 0: 3559 [000011f3] new env 000011f4
CPU 0: 3571 [000011f4] new env 000011f5
CPU 0: 3581 [000011f5] new env 000011f6
CPU 0: 3583 [000011f6] new env 000011f7
CPU 0: 3593 [000011f7] new env 000011f8
CPU 0: 3607 [000011f8] new env 000011f9
CPU 0: 3613 [000011f9] new env 000011fa
CPU 0: 3617 [000011fa] new env 000011fb
CPU 0: 3623 [000011fb] new env 000011fc
CPU 0: 3631 [000011fc] new env 000011fd
CPU 0: 3637 [000011fd] new env 000011fe
CPU 0: 3643 [000011fe] new env 000011ff
CPU 0: 3659 [000011ff] new env 00001200
CPU 0: 3671 [00001200] new env 00001201
CPU 0: 3673 [00001201] new env 00001202
CPU 0: 3677 [00001202] new env 00001203
CPU 0: 3691 [00001203] new env 00001204
CPU 0: 3697 [00001204] new env 00001205
CPU 0: 3701 [00001205] new env 00001206
CPU 0: 3709 [00001206] new env 00001207
CPU 0: 3719 [00001207] new env 00001208
CPU 0: 3727 [00001208] new env 00001209
CPU 0: 3733 [00001209] new env 0000120a
CPU 0: 3739 [0000120a] new env 0000120b
CPU 0: 3761 [0000120b] new env 0000120c
CPU 0: 3767 [0000120c] new env 0000120d
CPU 0: 3769 [0000120d] new env 0000120e
CPU 0: 3779 [0000120e] new env 0000120f
CPU 0: 3793 [0000120f] new env 00001210
CPU 0: 3797 [00001210] new env 00001211
CPU 0: 3803 [00001211] new env 00001212
CPU 0: 3821 [00001212] new env 00001213
CPU 0: 3823 [00001213] new env 00001214
CPU 0: 3833 [00001214] new env 00001215
CPU 0: 3847 [00001215] new env 00001216
CPU 0: 3851 [00001216] new env 00001217
CPU 0: 3853 [00001217] new env 00001218
CPU 0: 3863 [00001218] new env 00001219
CPU 0: 3877 [00001219] new env 0000121a
CPU 0: 3881 [0000121a] new env 0000121b
CPU 0: 3889 [0000121b] new env 0000121c
CPU 0: 3907 [0000121c] new env 0000121d
CPU 0: 3911 [0000121d] new env 0000121e
CPU 0: 3917 [0000121e] new env 0000121f
CPU 0: 3919 [0000121f] new env 00001220
CPU 0: 3923 [00001220] new env 00001221
CPU 0: 3929 [00001221] new env 00001222
CPU 0: 3931 [00001222] new env 00001223
CPU 0: 3943 [00001223] new env 00001224
CPU 0: 3947 [00001224] new env 00001225
CPU 0: 3967 [00001225] new env 00001226
CPU 0: 3989 [00001226] new env 00001227
CPU 0: 4001 [00001227] new env 00001228
CPU 0: 4003 [00001228] new env 00001229
CPU 0: 4007 [00001229] new env 0000122a
CPU 0: 4013 [0000122a] new env 0000122b
CPU 0: 4019 [0000122b] new env 0000122c
CPU 0: 4021 [0000122c] new env 0000122d
CPU 0: 4027 [0000122d] new env 0000122e
CPU 0: 4049 [0000122e] new env 0000122f
CPU 0: 4051 [0000122f] new env 00001230
CPU 0: 4057 [00001230] new env 00001231
CPU 0: 4073 [00001231] new env 00001232
CPU 0: 4079 [00001232] new env 00001233
CPU 0: 4091 [00001233] new env 00001234
CPU 0: 4093 [00001234] new env 00001235
CPU 0: 4099 [00001235] new env 00001236
CPU 0: 4111 [00001236] new env 00001237
CPU 0: 4127 [00001237] new env 00001238
CPU 0: 4129 [00001238] new env 00001239
CPU 0: 4133 [00001239] new env 0000123a
CPU 0: 4139 [0000123a] new env 0000123b
CPU 0: 4153 [0000123b] new env 0000123c
CPU 0: 4157 [0000123c] new env 0000123d
CPU 0: 4159 [0000123d] new env 0000123e
CPU 0: 4177 [0000123e] new env 0000123f
CPU 0: 4201 [0000123f] new env 00001240
CPU 0: 4211 [00001240] new env 00001241
CPU 0: 4217 [00001241] new env 00001242
CPU 0: 4219 [00001242] new env 00001243
CPU 0: 4229 [00001243] new env 00001244
CPU 0: 4231 [00001244] new env 00001245
CPU 0: 4241 [00001245] new env 00001246
CPU 0: 4243 [00001246] new env 00001247
CPU 0: 4253 [00001247] new env 00001248
CPU 0: 4259 [00001248] new env 00001249
CPU 0: 4261 [00001249] new env 0000124a
CPU 0: 4271 [0000124a] new env 0000124b
CPU 0: 4273 [0000124b] new env 0000124c
CPU 0: 4283 [0000124c] new env 0000124d
CPU 0: 4289 [0000124d] new env 0000124e
CPU 0: 4297 [0000124e] new env 0000124f
CPU 0: 4327 [0000124f] new env 00001250
CPU 0: 4337 [00001250] new env 00001251
CPU 0: 4339 [00001251] new env 00001252
CPU 0: 4349 [00001252] new env 00001253
CPU 0: 4357 [00001253] new env 00001254
CPU 0: 4363 [00001254] new env 00001255
CPU 0: 4373 [00001255] new env 00001256
CPU 0: 4391 [00001256] new env 00001257
CPU 0: 4397 [00001257] new env 00001258
CPU 0: 4409 [00001258] new env 00001259
CPU 0: 4421 [00001259] new env 0000125a
CPU 0: 4423 [0000125a] new env 0000125b
CPU 0: 4441 [0000125b] new env 0000125c
CPU 0: 4447 [0000125c] new env 0000125d
CPU 0: 4451 [0000125d] new env 0000125e
CPU 0: 4457 [0000125e] new env 0000125f
CPU 0: 4463 [0000125f] new env 00001260
CPU 0: 4481 [00001260] new env 00001261
CPU 0: 4483 [00001261] new env 00001262
CPU 0: 4493 [00001262] new env 00001263
CPU 0: 4507 [00001263] new env 00001264
CPU 0: 4513 [00001264] new env 00001265
CPU 0: 4517 [00001265] new env 00001266
CPU 0: 4519 [00001266] new env 00001267
CPU 0: 4523 [00001267] new env 00001268
CPU 0: 4547 [00001268] new env 00001269
CPU 0: 4549 [00001269] new env 0000126a
CPU 0: 4561 [0000126a] new env 0000126b
CPU 0: 4567 [0000126b] new env 0000126c
CPU 0: 4583 [0000126c] new env 0000126d
CPU 0: 4591 [0000126d] new env 0000126e
CPU 0: 4597 [0000126e] new env 0000126f
CPU 0: 4603 [0000126f] new env 00001270
CPU 0: 4621 [00001270] new env 00001271
CPU 0: 4637 [00001271] new env 00001272
CPU 0: 4639 [00001272] new env 00001273
CPU 0: 4643 [00001273] new env 00001274
CPU 0: 4649 [00001274] new env 00001275
CPU 0: 4651 [00001275] new env 00001276
CPU 0: 4657 [00001276] new env 00001277
CPU 0: 4663 [00001277] new env 00001278
CPU 0: 4673 [00001278] new env 00001279
CPU 0: 4679 [00001279] new env 0000127a
CPU 0: 4691 [0000127a] new env 0000127b
CPU 0: 4703 [0000127b] new env 0000127c
CPU 0: 4721 [0000127c] new env 0000127d
CPU 0: 4723 [0000127d] new env 0000127e
CPU 0: 4729 [0000127e] new env 0000127f
CPU 0: 4733 [0000127f] new env 00001280
CPU 0: 4751 [00001280] new env 00001281
CPU 0: 4759 [00001281] new env 00001282
CPU 0: 4783 [00001282] new env 00001283
CPU 0: 4787 [00001283] new env 00001284
CPU 0: 4789 [00001284] new env 00001285
CPU 0: 4793 [00001285] new env 00001286
CPU 0: 4799 [00001286] new env 00001287
CPU 0: 4801 [00001287] new env 00001288
CPU 0: 4813 [00001288] new env 00001289
CPU 0: 4817 [00001289] new env 0000128a
CPU 0: 4831 [0000128a] new env 0000128b
CPU 0: 4861 [0000128b] new env 0000128c
CPU 0: 4871 [0000128c] new env 0000128d
CPU 0: 4877 [0000128d] new env 0000128e
CPU 0: 4889 [0000128e] new env 0000128f
CPU 0: 4903 [0000128f] new env 00001290
CPU 0: 4909 [00001290] new env 00001291
CPU 0: 4919 [00001291] new env 00001292
CPU 0: 4931 [00001292] new env 00001293
CPU 0: 4933 [00001293] new env 00001294
CPU 0: 4937 [00001294] new env 00001295
CPU 0: 4943 [00001295] new env 00001296
CPU 0: 4951 [00001296] new env 00001297
CPU 0: 4957 [00001297] new env 00001298
CPU 0: 4967 [00001298] new env 00001299
CPU 0: 4969 [00001299] new env 0000129a
CPU 0: 4973 [0000129a] new env 0000129b
CPU 0: 4987 [0000129b] new env 0000129c
CPU 0: 4993 [0000129c] new env 0000129d
CPU 0: 4999 [0000129d] new env 0000129e
CPU 0: 5003 [0000129e] new env 0000129f
CPU 0: 5009 [0000129f] new env 000012a0
CPU 0: 5011 [000012a0] new env 000012a1
CPU 0: 5021 [000012a1] new env 000012a2
CPU 0: 5023 [000012a2] new env 000012a3
CPU 0: 5039 [000012a3] new env 000012a4
CPU 0: 5051 [000012a4] new env 000012a5
CPU 0: 5059 [000012a5] new env 000012a6
CPU 0: 5077 [000012a6] new env 000012a7
CPU 0: 5081 [000012a7] new env 000012a8
CPU 0: 5087 [000012a8] new env 000012a9
CPU 0: 5099 [000012a9] new env 000012aa
CPU 0: 5101 [000012aa] new env 000012ab
CPU 0: 5107 [000012ab] new env 000012ac
CPU 0: 5113 [000012ac] new env 000012ad
CPU 0: 5119 [000012ad] new env 000012ae
CPU 0: 5147 [000012ae] new env 000012af
CPU 0: 5153 [000012af] new env 000012b0
CPU 0: 5167 [000012b0] new env 000012b1
CPU 0: 5171 [000012b1] new env 000012b2
CPU 0: 5179 [000012b2] new env 000012b3
CPU 0: 5189 [000012b3] new env 000012b4
CPU 0: 5197 [000012b4] new env 000012b5
CPU 0: 5209 [000012b5] new env 000012b6
CPU 0: 5227 [000012b6] new env 000012b7
CPU 0: 5231 [000012b7] new env 000012b8
CPU 0: 5233 [000012b8] new env 000012b9
CPU 0: 5237 [000012b9] new env 000012ba
CPU 0: 5261 [000012ba] new env 000012bb
CPU 0: 5273 [000012bb] new env 000012bc
CPU 0: 5279 [000012bc] new env 000012bd
CPU 0: 5281 [000012bd] new env 000012be
CPU 0: 5297 [000012be] new env 000012bf
CPU 0: 5303 [000012bf] new env 000012c0
CPU 0: 5309 [000012c0] new env 000012c1
CPU 0: 5323 [000012c1] new env 000012c2
CPU 0: 5333 [000012c2] new env 000012c3
CPU 0: 5347 [000012c3] new env 000012c4
CPU 0: 5351 [000012c4] new env 000012c5
CPU 0: 5381 [000012c5] new env 000012c6
CPU 0: 5387 [000012c6] new env 000012c7
CPU 0: 5393 [000012c7] new env 000012c8
CPU 0: 5399 [000012c8] new env 000012c9
CPU 0: 5407 [000012c9] new env 000012ca
CPU 0: 5413 [000012ca] new env 000012cb
CPU 0: 5417 [000012cb] new env 000012cc
CPU 0: 5419 [000012cc] new env 000012cd
CPU 0: 5431 [000012cd] new env 000012ce
CPU 0: 5437 [000012ce] new env 000012cf
CPU 0: 5441 [000012cf] new env 000012d0
CPU 0: 5443 [000012d0] new env 000012d1
CPU 0: 5449 [000012d1] new env 000012d2
CPU 0: 5471 [000012d2] new env 000012d3
CPU 0: 5477 [000012d3] new env 000012d4
CPU 0: 5479 [000012d4] new env 000012d5
CPU 0: 5483 [000012d5] new env 000012d6
CPU 0: 5501 [000012d6] new env 000012d7
CPU 0: 5503 [000012d7] new env 000012d8
CPU 0: 5507 [000012d8] new env 000012d9
CPU 0: 5519 [000012d9] new env 000012da
CPU 0: 5521 [000012da] new env 000012db
CPU 0: 5527 [000012db] new env 000012dc
CPU 0: 5531 [000012dc] new env 000012dd
CPU 0: 5557 [000012dd] new env 000012de
CPU 0: 5563 [000012de] new env 000012df
CPU 0: 5569 [000012df] new env 000012e0
CPU 0: 5573 [000012e0] new env 000012e1
CPU 0: 5581 [000012e1] new env 000012e2
CPU 0: 5591 [000012e2] new env 000012e3
CPU 0: 5623 [000012e3] new env 000012e4
CPU 0: 5639 [000012e4] new env 000012e5
CPU 0: 5641 [000012e5] new env 000012e6
CPU 0: 5647 [000012e6] new env 000012e7
CPU 0: 5651 [000012e7] new env 000012e8
CPU 0: 5653 [000012e8] new env 000012e9
CPU 0: 5657 [000012e9] new env 000012ea
CPU 0: 5659 [000012ea] new env 000012eb
CPU 0: 5669 [000012eb] new env 000012ec
CPU 0: 5683 [000012ec] new env 000012ed
CPU 0: 5689 [000012ed] new env 000012ee
CPU 0: 5693 [000012ee] new env 000012ef
CPU 0: 5701 [000012ef] new env 000012f0
CPU 0: 5711 [000012f0] new env 000012f1
CPU 0: 5717 [000012f1] new env 000012f2
CPU 0: 5737 [000012f2] new env 000012f3
CPU 0: 5741 [000012f3] new env 000012f4
CPU 0: 5743 [000012f4] new env 000012f5
CPU 0: 5749 [000012f5] new env 000012f6
CPU 0: 5779 [000012f6] new env 000012f7
CPU 0: 5783 [000012f7] new env 000012f8
CPU 0: 5791 [000012f8] new env 000012f9
CPU 0: 5801 [000012f9] new env 000012fa
CPU 0: 5807 [000012fa] new env 000012fb
CPU 0: 5813 [000012fb] new env 000012fc
CPU 0: 5821 [000012fc] new env 000012fd
CPU 0: 5827 [000012fd] new env 000012fe
CPU 0: 5839 [000012fe] new env 000012ff
CPU 0: 5843 [000012ff] new env 00001300
CPU 0: 5849 [00001300] new env 00001301
CPU 0: 5851 [00001301] new env 00001302
CPU 0: 5857 [00001302] new env 00001303
CPU 0: 5861 [00001303] new env 00001304
CPU 0: 5867 [00001304] new env 00001305
CPU 0: 5869 [00001305] new env 00001306
CPU 0: 5879 [00001306] new env 00001307
CPU 0: 5881 [00001307] new env 00001308
CPU 0: 5897 [00001308] new env 00001309
CPU 0: 5903 [00001309] new env 0000130a
CPU 0: 5923 [0000130a] new env 0000130b
CPU 0: 5927 [0000130b] new env 0000130c
CPU 0: 5939 [0000130c] new env 0000130d
CPU 0: 5953 [0000130d] new env 0000130e
CPU 0: 5981 [0000130e] new env 0000130f
CPU 0: 5987 [0000130f] new env 00001310
CPU 0: 6007 [00001310] new env 00001311
CPU 0: 6011 [00001311] new env 00001312
CPU 0: 6029 [00001312] new env 00001313
CPU 0: 6037 [00001313] new env 00001314
CPU 0: 6043 [00001314] new env 00001315
CPU 0: 6047 [00001315] new env 00001316
CPU 0: 6053 [00001316] new env 00001317
CPU 0: 6067 [00001317] new env 00001318
CPU 0: 6073 [00001318] new env 00001319
CPU 0: 6079 [00001319] new env 0000131a
CPU 0: 6089 [0000131a] new env 0000131b
CPU 0: 6091 [0000131b] new env 0000131c
CPU 0: 6101 [0000131c] new env 0000131d
CPU 0: 6113 [0000131d] new env 0000131e
CPU 0: 6121 [0000131e] new env 0000131f
CPU 0: 6131 [0000131f] new env 00001320
CPU 0: 6133 [00001320] new env 00001321
CPU 0: 6143 [00001321] new env 00001322
CPU 0: 6151 [00001322] new env 00001323
CPU 0: 6163 [00001323] new env 00001324
CPU 0: 6173 [00001324] new env 00001325
CPU 0: 6197 [00001325] new env 00001326
CPU 0: 6199 [00001326] new env 00001327
CPU 0: 6203 [00001327] new env 00001328
CPU 0: 6211 [00001328] new env 00001329
CPU 0: 6217 [00001329] new env 0000132a
CPU 0: 6221 [0000132a] new env 0000132b
CPU 0: 6229 [0000132b] new env 0000132c
CPU 0: 6247 [0000132c] new env 0000132d
CPU 0: 6257 [0000132d] new env 0000132e
CPU 0: 6263 [0000132e] new env 0000132f
CPU 0: 6269 [0000132f] new env 00001330
CPU 0: 6271 [00001330] new env 00001331
CPU 0: 6277 [00001331] new env 00001332
CPU 0: 6287 [00001332] new env 00001333
CPU 0: 6299 [00001333] new env 00001334
CPU 0: 6301 [00001334] new env 00001335
CPU 0: 6311 [00001335] new env 00001336
CPU 0: 6317 [00001336] new env 00001337
CPU 0: 6323 [00001337] new env 00001338
CPU 0: 6329 [00001338] new env 00001339
CPU 0: 6337 [00001339] new env 0000133a
CPU 0: 6343 [0000133a] new env 0000133b
CPU 0: 6353 [0000133b] new env 0000133c
CPU 0: 6359 [0000133c] new env 0000133d
CPU 0: 6361 [0000133d] new env 0000133e
CPU 0: 6367 [0000133e] new env 0000133f
CPU 0: 6373 [0000133f] new env 00001340
CPU 0: 6379 [00001340] new env 00001341
CPU 0: 6389 [00001341] new env 00001342
CPU 0: 6397 [00001342] new env 00001343
CPU 0: 6421 [00001343] new env 00001344
CPU 0: 6427 [00001344] new env 00001345
CPU 0: 6449 [00001345] new env 00001346
CPU 0: 6451 [00001346] new env 00001347
CPU 0: 6469 [00001347] new env 00001348
CPU 0: 6473 [00001348] new env 00001349
CPU 0: 6481 [00001349] new env 0000134a
CPU 0: 6491 [0000134a] new env 0000134b
CPU 0: 6521 [0000134b] new env 0000134c
CPU 0: 6529 [0000134c] new env 0000134d
CPU 0: 6547 [0000134d] new env 0000134e
CPU 0: 6551 [0000134e] new env 0000134f
CPU 0: 6553 [0000134f] new env 00001350
CPU 0: 6563 [00001350] new env 00001351
CPU 0: 6569 [00001351] new env 00001352
CPU 0: 6571 [00001352] new env 00001353
CPU 0: 6577 [00001353] new env 00001354
CPU 0: 6581 [00001354] new env 00001355
CPU 0: 6599 [00001355] new env 00001356
CPU 0: 6607 [00001356] new env 00001357
CPU 0: 6619 [00001357] new env 00001358
CPU 0: 6637 [00001358] new env 00001359
CPU 0: 6653 [00001359] new env 0000135a
CPU 0: 6659 [0000135a] new env 0000135b
CPU 0: 6661 [0000135b] new env 0000135c
CPU 0: 6673 [0000135c] new env 0000135d
CPU 0: 6679 [0000135d] new env 0000135e
CPU 0: 6689 [0000135e] new env 0000135f
CPU 0: 6691 [0000135f] new env 00001360
CPU 0: 6701 [00001360] new env 00001361
CPU 0: 6703 [00001361] new env 00001362
CPU 0: 6709 [00001362] new env 00001363
CPU 0: 6719 [00001363] new env 00001364
CPU 0: 6733 [00001364] new env 00001365
CPU 0: 6737 [00001365] new env 00001366
CPU 0: 6761 [00001366] new env 00001367
CPU 0: 6763 [00001367] new env 00001368
CPU 0: 6779 [00001368] new env 00001369
CPU 0: 6781 [00001369] new env 0000136a
CPU 0: 6791 [0000136a] new env 0000136b
CPU 0: 6793 [0000136b] new env 0000136c
CPU 0: 6803 [0000136c] new env 0000136d
CPU 0: 6823 [0000136d] new env 0000136e
CPU 0: 6827 [0000136e] new env 0000136f
CPU 0: 6829 [0000136f] new env 00001370
CPU 0: 6833 [00001370] new env 00001371
CPU 0: 6841 [00001371] new env 00001372
CPU 0: 6857 [00001372] new env 00001373
CPU 0: 6863 [00001373] new env 00001374
CPU 0: 6869 [00001374] new env 00001375
CPU 0: 6871 [00001375] new env 00001376
CPU 0: 6883 [00001376] new env 00001377
CPU 0: 6899 [00001377] new env 00001378
CPU 0: 6907 [00001378] new env 00001379
CPU 0: 6911 [00001379] new env 0000137a
CPU 0: 6917 [0000137a] new env 0000137b
CPU 0: 6947 [0000137b] new env 0000137c
CPU 0: 6949 [0000137c] new env 0000137d
CPU 0: 6959 [0000137d] new env 0000137e
CPU 0: 6961 [0000137e] new env 0000137f
CPU 0: 6967 [0000137f] new env 00001380
CPU 0: 6971 [00001380] new env 00001381
CPU 0: 6977 [00001381] new env 00001382
CPU 0: 6983 [00001382] new env 00001383
CPU 0: 6991 [00001383] new env 00001384
CPU 0: 6997 [00001384] new env 00001385
CPU 0: 7001 [00001385] new env 00001386
CPU 0: 7013 [00001386] new env 00001387
CPU 0: 7019 [00001387] new env 00001388
CPU 0: 7027 [00001388] new env 00001389
CPU 0: 7039 [00001389] new env 0000138a
CPU 0: 7043 [0000138a] new env 0000138b
CPU 0: 7057 [0000138b] new env 0000138c
CPU 0: 7069 [0000138c] new env 0000138d
CPU 0: 7079 [0000138d] new env 0000138e
CPU 0: 7103 [0000138e] new env 0000138f
CPU 0: 7109 [0000138f] new env 00001390
CPU 0: 7121 [00001390] new env 00001391
CPU 0: 7127 [00001391] new env 00001392
CPU 0: 7129 [00001392] new env 00001393
CPU 0: 7151 [00001393] new env 00001394
CPU 0: 7159 [00001394] new env 00001395
CPU 0: 7177 [00001395] new env 00001396
CPU 0: 7187 [00001396] new env 00001397
CPU 0: 7193 [00001397] new env 00001398
CPU 0: 7207 [00001398] new env 00001399
CPU 0: 7211 [00001399] new env 0000139a
CPU 0: 7213 [0000139a] new env 0000139b
CPU 0: 7219 [0000139b] new env 0000139c
CPU 0: 7229 [0000139c] new env 0000139d
CPU 0: 7237 [0000139d] new env 0000139e
CPU 0: 7243 [0000139e] new env 0000139f
CPU 0: 7247 [0000139f] new env 000013a0
CPU 0: 7253 [000013a0] new env 000013a1
CPU 0: 7283 [000013a1] new env 000013a2
CPU 0: 7297 [000013a2] new env 000013a3
CPU 0: 7307 [000013a3] new env 000013a4
CPU 0: 7309 [000013a4] new env 000013a5
CPU 0: 7321 [000013a5] new env 000013a6
CPU 0: 7331 [000013a6] new env 000013a7
CPU 0: 7333 [000013a7] new env 000013a8
CPU 0: 7349 [000013a8] new env 000013a9
CPU 0: 7351 [000013a9] new env 000013aa
CPU 0: 7369 [000013aa] new env 000013ab
CPU 0: 7393 [000013ab] new env 000013ac
CPU 0: 7411 [000013ac] new env 000013ad
CPU 0: 7417 [000013ad] new env 000013ae
CPU 0: 7433 [000013ae] new env 000013af
CPU 0: 7451 [000013af] new env 000013b0
CPU 0: 7457 [000013b0] new env 000013b1
CPU 0: 7459 [000013b1] new env 000013b2
CPU 0: 7477 [000013b2] new env 000013b3
CPU 0: 7481 [000013b3] new env 000013b4
CPU 0: 7487 [000013b4] new env 000013b5
CPU 0: 7489 [000013b5] new env 000013b6
CPU 0: 7499 [000013b6] new env 000013b7
CPU 0: 7507 [000013b7] new env 000013b8
CPU 0: 7517 [000013b8] new env 000013b9
CPU 0: 7523 [000013b9] new env 000013ba
CPU 0: 7529 [000013ba] new env 000013bb
CPU 0: 7537 [000013bb] new env 000013bc
CPU 0: 7541 [000013bc] new env 000013bd
CPU 0: 7547 [000013bd] new env 000013be
CPU 0: 7549 [000013be] new env 000013bf
CPU 0: 7559 [000013bf] new env 000013c0
CPU 0: 7561 [000013c0] new env 000013c1
CPU 0: 7573 [000013c1] new env 000013c2
CPU 0: 7577 [000013c2] new env 000013c3
CPU 0: 7583 [000013c3] new env 000013c4
CPU 0: 7589 [000013c4] new env 000013c5
CPU 0: 7591 [000013c5] new env 000013c6
CPU 0: 7603 [000013c6] new env 000013c7
CPU 0: 7607 [000013c7] new env 000013c8
CPU 0: 7621 [000013c8] new env 000013c9
CPU 0: 7639 [000013c9] new env 000013ca
CPU 0: 7643 [000013ca] new env 000013cb
CPU 0: 7649 [000013cb] new env 000013cc
CPU 0: 7669 [000013cc] new env 000013cd
CPU 0: 7673 [000013cd] new env 000013ce
CPU 0: 7681 [000013ce] new env 000013cf
CPU 0: 7687 [000013cf] new env 000013d0
CPU 0: 7691 [000013d0] new env 000013d1
CPU 0: 7699 [000013d1] new env 000013d2
CPU 0: 7703 [000013d2] new env 000013d3
CPU 0: 7717 [000013d3] new env 000013d4
CPU 0: 7723 [000013d4] new env 000013d5
CPU 0: 7727 [000013d5] new env 000013d6
CPU 0: 7741 [000013d6] new env 000013d7
CPU 0: 7753 [000013d7] new env 000013d8
CPU 0: 7757 [000013d8] new env 000013d9
CPU 0: 7759 [000013d9] new env 000013da
CPU 0: 7789 [000013da] new env 000013db
CPU 0: 7793 [000013db] new env 000013dc
CPU 0: 7817 [000013dc] new env 000013dd
CPU 0: 7823 [000013dd] new env 000013de
CPU 0: 7829 [000013de] new env 000013df
CPU 0: 7841 [000013df] new env 000013e0
CPU 0: 7853 [000013e0] new env 000013e1
CPU 0: 7867 [000013e1] new env 000013e2
CPU 0: 7873 [000013e2] new env 000013e3
CPU 0: 7877 [000013e3] new env 000013e4
CPU 0: 7879 [000013e4] new env 000013e5
CPU 0: 7883 [000013e5] new env 000013e6
CPU 0: 7901 [000013e6] new env 000013e7
CPU 0: 7907 [000013e7] new env 000013e8
CPU 0: 7919 [000013e8] new env 000013e9
CPU 0: 7927 [000013e9] new env 000013ea
CPU 0: 7933 [000013ea] new env 000013eb
CPU 0: 7937 [000013eb] new env 000013ec
CPU 0: 7949 [000013ec] new env 000013ed
CPU 0: 7951 [000013ed] new env 000013ee
CPU 0: 7963 [000013ee] new env 000013ef
CPU 0: 7993 [000013ef] new env 000013f0
CPU 0: 8009 [000013f0] new env 000013f1
CPU 0: 8011 [000013f1] new env 000013f2
CPU 0: 8017 [000013f2] new env 000013f3
CPU 0: 8039 [000013f3] new env 000013f4
CPU 0: 8053 [000013f4] new env 000013f5
CPU 0: 8059 [000013f5] new env 000013f6
CPU 0: 8069 [000013f6] new env 000013f7
CPU 0: 8081 [000013f7] new env 000013f8
CPU 0: 8087 [000013f8] new env 000013f9
CPU 0: 8089 [000013f9] new env 000013fa
CPU 0: 8093 [000013fa] new env 000013fb
CPU 0: 8101 [000013fb] new env 000013fc
CPU 0: 8111 [000013fc] new env 000013fd
CPU 0: 8117 [000013fd] new env 000013fe
CPU 0: 8123 [000013fe] new env 000013ff
CPU 0: 8147 [000013ff] user panic in <unknown> at lib/fork.c:127: sys_exofrok failed: out of environments
Welcome to the JOS kernel monitor!
Type 'help' for a list of commands.
TRAP frame at 0xf02d3f84 from CPU 0
  edi  0x00000000
  esi  0x008016a3
  ebp  0xeebfdf30
  oesp 0xefffffdc
  ebx  0xeebfdf44
  edx  0xeebfddd8
  ecx  0x00000001
  eax  0x00000001
  es   0x----0023
  ds   0x----0023
  trap 0x00000003 Breakpoint
  err  0x00000000
  eip  0x008001f8
  cs   0x----001b
  flag 0x00000292
  esp  0xeebfdf08
  ss   0x----0023
K> 